 * Serving Flask app "pdf2md" (lazy loading)
 * Environment: production
   WARNING: This is a development server. Do not use it in a production deployment.
   Use a production WSGI server instead.
 * Debug mode: on
 * Running on all addresses.
   WARNING: This is a development server. Do not use it in a production deployment.
 * Running on http://192.168.6.59:8021/ (Press CTRL+C to quit)
 * Restarting with watchdog (inotify)
 * Debugger is active!
 * Debugger PIN: 633-786-693
192.168.6.185 - - [31/Mar/2025 16:52:40] "POST /convert HTTP/1.1" 500 -
 * Detected change in '/home/dartusr/pdf2md/pdf2md.py', reloading
 * Detected change in '/home/dartusr/pdf2md/pdf2md.py', reloading
 * Detected change in '/home/dartusr/pdf2md/pdf2md.py', reloading
Successfully imported LlamaIndex
 * Restarting with watchdog (inotify)
 * Debugger is active!
 * Debugger PIN: 633-786-693
 * Detected change in '/home/dartusr/pdf2md/pdf2md.py', reloading
 * Detected change in '/home/dartusr/pdf2md/pdf2md.py', reloading
 * Detected change in '/home/dartusr/pdf2md/pdf2md.py', reloading
 * Restarting with watchdog (inotify)
 * Debugger is active!
 * Debugger PIN: 633-786-693
 * Detected change in '/home/dartusr/pdf2md/pdf2md.py', reloading
 * Detected change in '/home/dartusr/pdf2md/pdf2md.py', reloading
 * Detected change in '/home/dartusr/pdf2md/pdf2md.py', reloading
 * Restarting with watchdog (inotify)
 * Debugger is active!
 * Debugger PIN: 633-786-693
192.168.6.185 - - [31/Mar/2025 16:55:28] "POST /convert HTTP/1.1" 200 -
192.168.6.185 - - [31/Mar/2025 16:57:12] "POST /convert HTTP/1.1" 200 -
